0.000000 9.483401 
0.010000 9.516346 
0.020000 9.546656 
0.030000 9.574344 
0.040000 9.599419 
0.050000 9.621894 
0.060000 9.641780 
0.070000 9.659088 
0.080000 9.673831 
0.090000 9.686018 
0.100000 9.695662 
0.110000 9.702773 
0.120000 9.707364 
0.130000 9.709444 
0.140000 9.709026 
0.150000 9.706120 
0.160000 9.700738 
0.170000 9.692891 
0.180000 9.682589 
0.190000 9.669845 
0.200000 9.654668 
0.210000 9.637071 
0.220000 9.617063 
0.230000 9.594657 
0.240000 9.569863 
0.250000 9.542691 
0.260000 9.513153 
0.270000 9.481260 
0.280000 9.447023 
0.290000 9.410452 
0.300000 9.371558 
0.310000 9.330352 
0.320000 9.286845 
0.330000 9.241047 
0.340000 9.192969 
0.350000 9.142623 
0.360000 9.090018 
0.370000 9.035165 
0.380000 8.978075 
0.390000 8.918758 
0.400000 8.857226 
0.410000 8.793488 
0.420000 8.727555 
0.430000 8.659437 
0.440000 8.589146 
0.450000 8.516692 
0.460000 8.442084 
0.470000 8.365334 
0.480000 8.286451 
0.490000 8.205447 
0.500000 8.122331 
0.510000 8.037114 
0.520000 7.949806 
0.530000 7.860418 
0.540000 7.768959 
0.550000 7.675440 
0.560000 7.579871 
0.570000 7.482263 
0.580000 7.382625 
0.590000 7.280967 
0.600000 7.177301 
0.610000 7.071635 
0.620000 6.963980 
0.630000 6.854346 
0.640000 6.742743 
0.650000 6.629181 
0.660000 6.513670 
0.670000 6.396220 
0.680000 6.276841 
0.690000 6.155543 
0.700000 6.032336 
0.710000 5.907229 
0.720000 5.780233 
0.730000 5.651357 
0.740000 5.520611 
0.750000 5.388005 
0.760000 5.253549 
0.770000 5.117252 
0.780000 4.979124 
0.790000 4.839176 
0.800000 4.697415 
0.810000 4.553854 
0.820000 4.408500 
0.830000 4.261363 
0.840000 4.112454 
0.850000 3.961781 
0.860000 3.809355 
0.870000 3.655185 
0.880000 3.499280 
0.890000 3.341649 
0.900000 3.182303 
0.910000 3.021251 
0.920000 2.858502 
0.930000 2.694065 
0.940000 2.527951 
0.950000 2.360168 
0.960000 2.190726 
0.970000 2.019634 
0.980000 1.846901 
0.990000 1.672537 
1.000000 1.496551 
1.010000 1.318952 
1.020000 1.139749 
1.030000 0.958952 
1.040000 0.776570 
1.050000 0.592613 
1.060000 0.407088 
1.070000 0.220005 
1.080000 0.031374 
1.090000 -0.158796 
1.100000 -0.350497 
1.110000 -0.543719 
1.120000 -0.738453 
1.130000 -0.934691 
1.140000 -1.132423 
1.150000 -1.331641 
1.160000 -1.532334 
1.170000 -1.734496 
1.180000 -1.938115 
1.190000 -2.143185 
1.200000 -2.349695 
1.210000 -2.557636 
1.220000 -2.767001 
1.230000 -2.977780 
1.240000 -3.189965 
1.250000 -3.403546 
1.260000 -3.618515 
1.270000 -3.834863 
1.280000 -4.052581 
1.290000 -4.271661 
1.300000 -4.492094 
1.310000 -4.713871 
1.320000 -4.936984 
1.330000 -5.161424 
1.340000 -5.387182 
1.350000 -5.614251 
1.360000 -5.842620 
1.370000 -6.072282 
1.380000 -6.303228 
1.390000 -6.535449 
1.400000 -6.768938 
1.410000 -7.003685 
1.420000 -7.239683 
1.430000 -7.476922 
1.440000 -7.715394 
1.450000 -7.955091 
1.460000 -8.196005 
1.470000 -8.438126 
1.480000 -8.681447 
1.490000 -8.925960 
1.500000 -9.171655 
1.510000 -9.418526 
1.520000 -9.666562 
1.530000 -9.915757 
1.540000 -10.166101 
1.550000 -10.417588 
1.560000 -10.670207 
1.570000 -10.923952 
1.580000 -11.178814 
1.590000 -11.434784 
1.600000 -11.691855 
1.610000 -11.950019 
1.620000 -12.209267 
1.630000 -12.469592 
1.640000 -12.730984 
1.650000 -12.993437 
1.660000 -13.256942 
1.670000 -13.521491 
1.680000 -13.787077 
1.690000 -14.053690 
1.700000 -14.321323 
1.710000 -14.589968 
1.720000 -14.859618 
1.730000 -15.130264 
1.740000 -15.401898 
1.750000 -15.674512 
1.760000 -15.948099 
1.770000 -16.222651 
1.780000 -16.498159 
1.790000 -16.774616 
1.800000 -17.052015 
1.810000 -17.330347 
1.820000 -17.609604 
1.830000 -17.889779 
1.840000 -18.170864 
1.850000 -18.452851 
1.860000 -18.735733 
1.870000 -19.019502 
1.880000 -19.304150 
1.890000 -19.589669 
1.900000 -19.876052 
1.910000 -20.163291 
1.920000 -20.451379 
1.930000 -20.740308 
1.940000 -21.030070 
1.950000 -21.320658 
1.960000 -21.612063 
1.970000 -21.904280 
1.980000 -22.197299 
1.990000 -22.491115 
2.000000 -22.785718 
2.010000 -23.081101 
2.020000 -23.377258 
2.030000 -23.674180 
2.040000 -23.971861 
2.050000 -24.270292 
2.060000 -24.569466 
2.070000 -24.869377 
2.080000 -25.170015 
2.090000 -25.471375 
2.100000 -25.773449 
2.110000 -26.076229 
2.120000 -26.379708 
2.130000 -26.683880 
2.140000 -26.988735 
2.150000 -27.294268 
2.160000 -27.600470 
2.170000 -27.907336 
2.180000 -28.214856 
2.190000 -28.523025 
2.200000 -28.831835 
2.210000 -29.141279 
2.220000 -29.451349 
2.230000 -29.762038 
2.240000 -30.073340 
2.250000 -30.385247 
2.260000 -30.697752 
2.270000 -31.010848 
2.280000 -31.324527 
2.290000 -31.638783 
2.300000 -31.953609 
2.310000 -32.268997 
2.320000 -32.584941 
2.330000 -32.901433 
2.340000 -33.218467 
2.350000 -33.536035 
2.360000 -33.854130 
2.370000 -34.172746 
2.380000 -34.491875 
2.390000 -34.811510 
2.400000 -35.131646 
2.410000 -35.452273 
2.420000 -35.773387 
2.430000 -36.094979 
2.440000 -36.417043 
2.450000 -36.739573 
2.460000 -37.062560 
2.470000 -37.385999 
2.480000 -37.709882 
2.490000 -38.034203 
2.500000 -38.358954 
2.510000 -38.684130 
2.520000 -39.009723 
2.530000 -39.335726 
2.540000 -39.662133 
2.550000 -39.988937 
2.560000 -40.316131 
2.570000 -40.643708 
2.580000 -40.971663 
2.590000 -41.299987 
2.600000 -41.628675 
2.610000 -41.957719 
2.620000 -42.287113 
2.630000 -42.616851 
2.640000 -42.946925 
2.650000 -43.277330 
2.660000 -43.608058 
2.670000 -43.939102 
2.680000 -44.270457 
2.690000 -44.602116 
2.700000 -44.934072 
2.710000 -45.266318 
2.720000 -45.598848 
2.730000 -45.931656 
2.740000 -46.264734 
2.750000 -46.598077 
2.760000 -46.931678 
2.770000 -47.265530 
2.780000 -47.599627 
2.790000 -47.933963 
2.800000 -48.268530 
2.810000 -48.603323 
2.820000 -48.938335 
2.830000 -49.273560 
2.840000 -49.608991 
2.850000 -49.944622 
2.860000 -50.280447 
2.870000 -50.616458 
2.880000 -50.952650 
2.890000 -51.289016 
2.900000 -51.625551 
2.910000 -51.962247 
2.920000 -52.299098 
2.930000 -52.636098 
2.940000 -52.973241 
2.950000 -53.310521 
2.960000 -53.647930 
2.970000 -53.985463 
2.980000 -54.323114 
2.990000 -54.660876 
3.000000 -54.998743 
3.010000 -55.336709 
3.020000 -55.674767 
3.030000 -56.012912 
3.040000 -56.351137 
3.050000 -56.689436 
3.060000 -57.027802 
3.070000 -57.366230 
3.080000 -57.704714 
3.090000 -58.043247 
3.100000 -58.381822 
3.110000 -58.720435 
3.120000 -59.059079 
3.130000 -59.397747 
3.140000 -59.736434 
3.150000 -60.075133 
3.160000 -60.413839 
3.170000 -60.752544 
3.180000 -61.091245 
3.190000 -61.429933 
3.200000 -61.768603 
3.210000 -62.107250 
3.220000 -62.445866 
3.230000 -62.784446 
3.240000 -63.122985 
3.250000 -63.461475 
3.260000 -63.799911 
3.270000 -64.138287 
3.280000 -64.476597 
3.290000 -64.814835 
3.300000 -65.152995 
3.310000 -65.491071 
3.320000 -65.829057 
3.330000 -66.166948 
3.340000 -66.504736 
3.350000 -66.842417 
3.360000 -67.179984 
3.370000 -67.517432 
3.380000 -67.854754 
3.390000 -68.191944 
3.400000 -68.528998 
3.410000 -68.865908 
3.420000 -69.202670 
3.430000 -69.539276 
3.440000 -69.875722 
3.450000 -70.212001 
3.460000 -70.548108 
3.470000 -70.884037 
3.480000 -71.219781 
3.490000 -71.555336 
3.500000 -71.890695 
3.510000 -72.225853 
3.520000 -72.560803 
3.530000 -72.895540 
3.540000 -73.230058 
3.550000 -73.564352 
3.560000 -73.898416 
3.570000 -74.232243 
3.580000 -74.565828 
3.590000 -74.899166 
3.600000 -75.232250 
3.610000 -75.565075 
3.620000 -75.897636 
3.630000 -76.229926 
3.640000 -76.561939 
3.650000 -76.893671 
3.660000 -77.225115 
3.670000 -77.556266 
3.680000 -77.887118 
3.690000 -78.217665 
3.700000 -78.547902 
3.710000 -78.877822 
3.720000 -79.207421 
3.730000 -79.536693 
3.740000 -79.865632 
3.750000 -80.194232 
3.760000 -80.522488 
3.770000 -80.850394 
3.780000 -81.177944 
3.790000 -81.505134 
3.800000 -81.831957 
3.810000 -82.158407 
3.820000 -82.484480 
3.830000 -82.810169 
3.840000 -83.135469 
3.850000 -83.460374 
3.860000 -83.784880 
3.870000 -84.108979 
3.880000 -84.432667 
3.890000 -84.755939 
3.900000 -85.078787 
3.910000 -85.401208 
3.920000 -85.723196 
3.930000 -86.044744 
3.940000 -86.365848 
3.950000 -86.686501 
3.960000 -87.006699 
3.970000 -87.326436 
3.980000 -87.645706 
3.990000 -87.964505 
4.000000 -88.282825 
4.010000 -88.600662 
4.020000 -88.918011 
4.030000 -89.234866 
4.040000 -89.551221 
4.050000 -89.867071 
4.060000 -90.182411 
4.070000 -90.497234 
4.080000 -90.811537 
4.090000 -91.125312 
4.100000 -91.438555 
4.110000 -91.751260 
4.120000 -92.063422 
4.130000 -92.375036 
4.140000 -92.686095 
4.150000 -92.996595 
4.160000 -93.306530 
4.170000 -93.615895 
4.180000 -93.924684 
4.190000 -94.232891 
4.200000 -94.540512 
4.210000 -94.847541 
4.220000 -95.153973 
4.230000 -95.459802 
4.240000 -95.765023 
4.250000 -96.069630 
4.260000 -96.373619 
4.270000 -96.676983 
4.280000 -96.979717 
4.290000 -97.281817 
4.300000 -97.583276 
4.310000 -97.884089 
4.320000 -98.184251 
4.330000 -98.483756 
4.340000 -98.782600 
4.350000 -99.080776 
4.360000 -99.378280 
4.370000 -99.675106 
4.380000 -99.971249 
4.390000 -100.266703 
4.400000 -100.561463 
4.410000 -100.855524 
4.420000 -101.148880 
4.430000 -101.441526 
4.440000 -101.733457 
4.450000 -102.024668 
4.460000 -102.315153 
4.470000 -102.604906 
4.480000 -102.893923 
4.490000 -103.182198 
4.500000 -103.469726 
4.510000 -103.756501 
4.520000 -104.042519 
4.530000 -104.327774 
4.540000 -104.612260 
4.550000 -104.895973 
4.560000 -105.178906 
4.570000 -105.461056 
4.580000 -105.742416 
4.590000 -106.022981 
4.600000 -106.302746 
4.610000 -106.581705 
4.620000 -106.859854 
4.630000 -107.137187 
4.640000 -107.413699 
4.650000 -107.689384 
4.660000 -107.964237 
4.670000 -108.238254 
4.680000 -108.511428 
4.690000 -108.783754 
4.700000 -109.055227 
4.710000 -109.325843 
4.720000 -109.595594 
4.730000 -109.864478 
4.740000 -110.132487 
4.750000 -110.399617 
4.760000 -110.665862 
4.770000 -110.931218 
4.780000 -111.195679 
4.790000 -111.459239 
4.800000 -111.721894 
4.810000 -111.983638 
4.820000 -112.244466 
4.830000 -112.504373 
4.840000 -112.763353 
4.850000 -113.021402 
4.860000 -113.278513 
4.870000 -113.534682 
4.880000 -113.789904 
4.890000 -114.044172 
4.900000 -114.297483 
4.910000 -114.549830 
4.920000 -114.801209 
4.930000 -115.051614 
4.940000 -115.301040 
4.950000 -115.549481 
4.960000 -115.796933 
4.970000 -116.043390 
4.980000 -116.288847 
4.990000 -116.533299 
5.000000 -116.776740 
5.010000 -117.019166 
5.020000 -117.260570 
5.030000 -117.500948 
5.040000 -117.740294 
5.050000 -117.978604 
5.060000 -118.215871 
5.070000 -118.452092 
5.080000 -118.687259 
5.090000 -118.921369 
5.100000 -119.154416 
5.110000 -119.386394 
5.120000 -119.617299 
5.130000 -119.847125 
5.140000 -120.075867 
5.150000 -120.303519 
5.160000 -120.530077 
5.170000 -120.755535 
5.180000 -120.979888 
5.190000 -121.203130 
5.200000 -121.425257 
5.210000 -121.646263 
5.220000 -121.866143 
5.230000 -122.084891 
5.240000 -122.302503 
5.250000 -122.518973 
5.260000 -122.734295 
5.270000 -122.948465 
5.280000 -123.161477 
5.290000 -123.373326 
5.300000 -123.584007 
5.310000 -123.793514 
5.320000 -124.001842 
5.330000 -124.208986 
5.340000 -124.414941 
5.350000 -124.619701 
5.360000 -124.823260 
5.370000 -125.025615 
5.380000 -125.226759 
5.390000 -125.426687 
5.400000 -125.625394 
5.410000 -125.822874 
5.420000 -126.019123 
5.430000 -126.214135 
5.440000 -126.407904 
5.450000 -126.600426 
5.460000 -126.791694 
5.470000 -126.981704 
5.480000 -127.170451 
5.490000 -127.357929 
5.500000 -127.544133 
5.510000 -127.729057 
5.520000 -127.912696 
5.530000 -128.095045 
5.540000 -128.276098 
5.550000 -128.455851 
5.560000 -128.634297 
5.570000 -128.811432 
5.580000 -128.987250 
5.590000 -129.161746 
5.600000 -129.334914 
5.610000 -129.506750 
5.620000 -129.677247 
5.630000 -129.846400 
5.640000 -130.014205 
5.650000 -130.180655 
5.660000 -130.345746 
5.670000 -130.509471 
5.680000 -130.671826 
5.690000 -130.832806 
5.700000 -130.992404 
5.710000 -131.150616 
5.720000 -131.307435 
5.730000 -131.462857 
5.740000 -131.616877 
5.750000 -131.769488 
5.760000 -131.920686 
5.770000 -132.070465 
5.780000 -132.218820 
5.790000 -132.365745 
5.800000 -132.511235 
5.810000 -132.655284 
5.820000 -132.797887 
5.830000 -132.939039 
5.840000 -133.078733 
5.850000 -133.216966 
5.860000 -133.353731 
5.870000 -133.489022 
5.880000 -133.622835 
5.890000 -133.755164 
5.900000 -133.886003 
5.910000 -134.015347 
5.920000 -134.143190 
5.930000 -134.269528 
5.940000 -134.394354 
5.950000 -134.517663 
5.960000 -134.639450 
5.970000 -134.759709 
5.980000 -134.878434 
5.990000 -134.995620 
6.000000 -135.111262 
6.010000 -135.225354 
6.020000 -135.337891 
6.030000 -135.448866 
6.040000 -135.558275 
6.050000 -135.666112 
6.060000 -135.772371 
6.070000 -135.877047 
6.080000 -135.980135 
6.090000 -136.081628 
6.100000 -136.181521 
6.110000 -136.279809 
6.120000 -136.376485 
6.130000 -136.471545 
6.140000 -136.564984 
6.150000 -136.656794 
6.160000 -136.746971 
6.170000 -136.835509 
6.180000 -136.922402 
6.190000 -137.007646 
6.200000 -137.091233 
6.210000 -137.173159 
6.220000 -137.253418 
6.230000 -137.332004 
6.240000 -137.408912 
6.250000 -137.484136 
6.260000 -137.557670 
6.270000 -137.629509 
6.280000 -137.699647 
6.290000 -137.768078 
6.300000 -137.834797 
6.310000 -137.899798 
6.320000 -137.963075 
6.330000 -138.024622 
6.340000 -138.084435 
6.350000 -138.142506 
6.360000 -138.198831 
6.370000 -138.253403 
6.380000 -138.306217 
6.390000 -138.357268 
6.400000 -138.406549 
6.410000 -138.454054 
6.420000 -138.499778 
6.430000 -138.543716 
6.440000 -138.585860 
6.450000 -138.626206 
6.460000 -138.664748 
6.470000 -138.701480 
6.480000 -138.736396 
6.490000 -138.769490 
6.500000 -138.800756 
6.510000 -138.830189 
6.520000 -138.857783 
6.530000 -138.883532 
6.540000 -138.907429 
6.550000 -138.929470 
6.560000 -138.949648 
6.570000 -138.967958 
6.580000 -138.984393 
6.590000 -138.998947 
6.600000 -139.011616 
6.610000 -139.022392 
6.620000 -139.031270 
6.630000 -139.038244 
6.640000 -139.043307 
6.650000 -139.046455 
6.660000 -139.047681 
6.670000 -139.046979 
6.680000 -139.044343 
6.690000 -139.039768 
6.700000 -139.033246 
6.710000 -139.024773 
6.720000 -139.014341 
6.730000 -139.001946 
6.740000 -138.987581 
6.750000 -138.971240 
6.760000 -138.952917 
6.770000 -138.932606 
6.780000 -138.910300 
6.790000 -138.885995 
6.800000 -138.859683 
6.810000 -138.831359 
6.820000 -138.801017 
6.830000 -138.768649 
6.840000 -138.734252 
6.850000 -138.697817 
6.860000 -138.659339 
6.870000 -138.618813 
6.880000 -138.576231 
6.890000 -138.531587 
6.900000 -138.484876 
6.910000 -138.436091 
6.920000 -138.385226 
6.930000 -138.332275 
6.940000 -138.277232 
6.950000 -138.220089 
6.960000 -138.160842 
6.970000 -138.099484 
6.980000 -138.036009 
6.990000 -137.970409 
7.000000 -137.902680 
7.010000 -137.832815 
7.020000 -137.760807 
7.030000 -137.686650 
7.040000 -137.610338 
7.050000 -137.531865 
7.060000 -137.451224 
7.070000 -137.368409 
7.080000 -137.283413 
7.090000 -137.196230 
7.100000 -137.106854 
7.110000 -137.015279 
7.120000 -136.921497 
7.130000 -136.825503 
7.140000 -136.727290 
7.150000 -136.626851 
7.160000 -136.524181 
7.170000 -136.419273 
7.180000 -136.312120 
7.190000 -136.202716 
7.200000 -136.091054 
7.210000 -135.977127 
7.220000 -135.860931 
7.230000 -135.742457 
7.240000 -135.621699 
7.250000 -135.498651 
7.260000 -135.373306 
7.270000 -135.245658 
7.280000 -135.115699 
7.290000 -134.983424 
7.300000 -134.848826 
7.310000 -134.711898 
7.320000 -134.572634 
7.330000 -134.431026 
7.340000 -134.287069 
7.350000 -134.140755 
7.360000 -133.992079 
7.370000 -133.841032 
7.380000 -133.687609 
7.390000 -133.531803 
7.400000 -133.373607 
7.410000 -133.213014 
7.420000 -133.050018 
7.430000 -132.884612 
7.440000 -132.716788 
7.450000 -132.546542 
7.460000 -132.373864 
7.470000 -132.198749 
7.480000 -132.021190 
7.490000 -131.841180 
7.500000 -131.658713 
7.510000 -131.473780 
7.520000 -131.286376 
7.530000 -131.096493 
7.540000 -130.904126 
7.550000 -130.709265 
7.560000 -130.511906 
7.570000 -130.312040 
7.580000 -130.109662 
7.590000 -129.904763 
7.600000 -129.697337 
7.610000 -129.487377 
7.620000 -129.274877 
7.630000 -129.059828 
7.640000 -128.842224 
7.650000 -128.622057 
7.660000 -128.399322 
7.670000 -128.174010 
7.680000 -127.946115 
7.690000 -127.715630 
7.700000 -127.482547 
7.710000 -127.246859 
7.720000 -127.008559 
7.730000 -126.767641 
7.740000 -126.524096 
7.750000 -126.277918 
7.760000 -126.029099 
7.770000 -125.777632 
7.780000 -125.523511 
7.790000 -125.266727 
7.800000 -125.007274 
7.810000 -124.745144 
7.820000 -124.480330 
7.830000 -124.212825 
7.840000 -123.942621 
7.850000 -123.669711 
7.860000 -123.394087 
7.870000 -123.115743 
7.880000 -122.834671 
7.890000 -122.550864 
7.900000 -122.264313 
7.910000 -121.975013 
7.920000 -121.682955 
7.930000 -121.388131 
7.940000 -121.090535 
7.950000 -120.790159 
7.960000 -120.486996 
7.970000 -120.181037 
7.980000 -119.872276 
7.990000 -119.560705 
8.000000 -119.246316 
8.010000 -118.929102 
8.020000 -118.609055 
8.030000 -118.286168 
8.040000 -117.960433 
8.050000 -117.631842 
8.060000 -117.300388 
8.070000 -116.966063 
8.080000 -116.628859 
8.090000 -116.288769 
8.100000 -115.945785 
8.110000 -115.599900 
8.120000 -115.251105 
8.130000 -114.899393 
8.140000 -114.544755 
8.150000 -114.187185 
8.160000 -113.826675 
8.170000 -113.463216 
8.180000 -113.096801 
8.190000 -112.727422 
8.200000 -112.355071 
8.210000 -111.979740 
8.220000 -111.601421 
8.230000 -111.220107 
8.240000 -110.835790 
8.250000 -110.448460 
8.260000 -110.058112 
8.270000 -109.664736 
8.280000 -109.268324 
8.290000 -108.868869 
8.300000 -108.466363 
8.310000 -108.060797 
8.320000 -107.652164 
8.330000 -107.240455 
8.340000 -106.825662 
8.350000 -106.407777 
8.360000 -105.986792 
8.370000 -105.562699 
8.380000 -105.135490 
8.390000 -104.705157 
8.400000 -104.271690 
8.410000 -103.835083 
8.420000 -103.395326 
8.430000 -102.952412 
8.440000 -102.506333 
8.450000 -102.057079 
8.460000 -101.604643 
8.470000 -101.149017 
8.480000 -100.690192 
8.490000 -100.228159 
8.500000 -99.762911 
8.510000 -99.294438 
8.520000 -98.822734 
8.530000 -98.347788 
8.540000 -97.869593 
8.550000 -97.388140 
8.560000 -96.903421 
8.570000 -96.415427 
8.580000 -95.924149 
8.590000 -95.429580 
8.600000 -94.931711 
8.610000 -94.430532 
8.620000 -93.926036 
8.630000 -93.418213 
8.640000 -92.907056 
8.650000 -92.392556 
8.660000 -91.874703 
8.670000 -91.353489 
8.680000 -90.828906 
8.690000 -90.300945 
8.700000 -89.769596 
8.710000 -89.234852 
8.720000 -88.696703 
8.730000 -88.155141 
8.740000 -87.610157 
8.750000 -87.061742 
8.760000 -86.509887 
8.770000 -85.954583 
8.780000 -85.395821 
8.790000 -84.833593 
8.800000 -84.267890 
8.810000 -83.698702 
8.820000 -83.126021 
8.830000 -82.549837 
8.840000 -81.970143 
8.850000 -81.386927 
8.860000 -80.800182 
8.870000 -80.209899 
8.880000 -79.616068 
8.890000 -79.018680 
8.900000 -78.417727 
8.910000 -77.813198 
8.920000 -77.205085 
8.930000 -76.593379 
8.940000 -75.978070 
8.950000 -75.359150 
8.960000 -74.736608 
8.970000 -74.110436 
8.980000 -73.480625 
8.990000 -72.847164 
9.000000 -72.210046 
9.010000 -71.569259 
9.020000 -70.924796 
9.030000 -70.276647 
9.040000 -69.624801 
9.050000 -68.969251 
9.060000 -68.309986 
9.070000 -67.646996 
9.080000 -66.980273 
9.090000 -66.309807 
9.100000 -65.635589 
9.110000 -64.957608 
9.120000 -64.275855 
9.130000 -63.590321 
9.140000 -62.900996 
9.150000 -62.207870 
9.160000 -61.510934 
9.170000 -60.810178 
9.180000 -60.105592 
9.190000 -59.397167 
9.200000 -58.684892 
9.210000 -57.968759 
9.220000 -57.248757 
9.230000 -56.524876 
9.240000 -55.797107 
9.250000 -55.065440 
9.260000 -54.329865 
9.270000 -53.590372 
9.280000 -52.846951 
9.290000 -52.099592 
9.300000 -51.348285 
9.310000 -50.593020 
9.320000 -49.833788 
9.330000 -49.070578 
9.340000 -48.303379 
9.350000 -47.532183 
9.360000 -46.756979 
9.370000 -45.977757 
9.380000 -45.194506 
9.390000 -44.407217 
9.400000 -43.615880 
9.410000 -42.820483 
9.420000 -42.021018 
9.430000 -41.217473 
9.440000 -40.409838 
9.450000 -39.598104 
9.460000 -38.782259 
9.470000 -37.962294 
9.480000 -37.138198 
9.490000 -36.309961 
9.500000 -35.477572 
9.510000 -34.641021 
9.520000 -33.800297 
9.530000 -32.955390 
9.540000 -32.106290 
9.550000 -31.252985 
9.560000 -30.395466 
9.570000 -29.533722 
9.580000 -28.667742 
9.590000 -27.797515 
9.600000 -26.923032 
9.610000 -26.044280 
9.620000 -25.161250 
9.630000 -24.273932 
9.640000 -23.382313 
9.650000 -22.486384 
9.660000 -21.586133 
9.670000 -20.681550 
9.680000 -19.772624 
9.690000 -18.859344 
9.700000 -17.941699 
9.710000 -17.019679 
9.720000 -16.093272 
9.730000 -15.162468 
9.740000 -14.227255 
9.750000 -13.287623 
9.760000 -12.343560 
9.770000 -11.395056 
9.780000 -10.442099 
9.790000 -9.484678 
9.800000 -8.522782 
9.810000 -7.556401 
9.820000 -6.585522 
9.830000 -5.610135 
9.840000 -4.630228 
9.850000 -3.645791 
9.860000 -2.656811 
9.870000 -1.663278 
9.880000 -0.665181 
9.890000 0.337493 
9.900000 1.344753 
9.910000 2.356613 
9.920000 3.373083 
9.930000 4.394174 
9.940000 5.419899 
9.950000 6.450268 
9.960000 7.485293 
9.970000 8.524985 
9.980000 9.569357 
9.990000 10.618420 
10.000000 11.672185 
